<?xml version="1.0" encoding="utf-8"?><testsuites name="pytest tests"><testsuite name="pytest" errors="0" failures="1" skipped="0" tests="23" time="3.080" timestamp="2025-08-03T23:01:32.481343+01:00" hostname="Mahmuduls-MacBook-Pro.local"><testcase classname="tests.features.bot_manager_telegram_api.test_bot_manager_telegram_api_comprehensive.TestMultiBotManager" name="test_initialization" time="0.009" /><testcase classname="tests.features.bot_manager_telegram_api.test_bot_manager_telegram_api_comprehensive.TestMultiBotManager" name="test_load_bot_configurations" time="0.002" /><testcase classname="tests.features.bot_manager_telegram_api.test_bot_manager_telegram_api_comprehensive.TestMultiBotManager" name="test_initialize_crewai_agents" time="2.393" /><testcase classname="tests.features.bot_manager_telegram_api.test_bot_manager_telegram_api_comprehensive.TestMultiBotManager" name="test_start_all_bots" time="0.040" /><testcase classname="tests.features.bot_manager_telegram_api.test_bot_manager_telegram_api_comprehensive.TestMultiBotManager" name="test_stop_all_bots" time="0.003" /><testcase classname="tests.features.bot_manager_telegram_api.test_bot_manager_telegram_api_comprehensive.TestMultiBotManager" name="test_send_startup_messages" time="0.003" /><testcase classname="tests.features.bot_manager_telegram_api.test_bot_manager_telegram_api_comprehensive.TestMultiBotManager" name="test_is_running" time="0.001" /><testcase classname="tests.features.bot_manager_telegram_api.test_bot_manager_telegram_api_comprehensive.TestMultiBotManager" name="test_get_bot" time="0.002" /><testcase classname="tests.features.bot_manager_telegram_api.test_bot_manager_telegram_api_comprehensive.TestTelegramBotService" name="test_initialization" time="0.022" /><testcase classname="tests.features.bot_manager_telegram_api.test_bot_manager_telegram_api_comprehensive.TestTelegramBotService" name="test_initialization_without_token" time="0.001" /><testcase classname="tests.features.bot_manager_telegram_api.test_bot_manager_telegram_api_comprehensive.TestTelegramBotService" name="test_start_polling" time="0.124" /><testcase classname="tests.features.bot_manager_telegram_api.test_bot_manager_telegram_api_comprehensive.TestTelegramBotService" name="test_stop" time="0.024" /><testcase classname="tests.features.bot_manager_telegram_api.test_bot_manager_telegram_api_comprehensive.TestTelegramBotService" name="test_send_message" time="0.025" /><testcase classname="tests.features.bot_manager_telegram_api.test_bot_manager_telegram_api_comprehensive.TestTelegramBotService" name="test_send_contact_share_button" time="0.017" /><testcase classname="tests.features.bot_manager_telegram_api.test_bot_manager_telegram_api_comprehensive.TestTelegramBotService" name="test_determine_chat_type" time="0.015" /><testcase classname="tests.features.bot_manager_telegram_api.test_bot_manager_telegram_api_comprehensive.TestTelegramBotService" name="test_handle_natural_language_message" time="0.019" /><testcase classname="tests.features.bot_manager_telegram_api.test_bot_manager_telegram_api_comprehensive.TestTelegramBotService" name="test_handle_contact_share" time="0.017" /><testcase classname="tests.features.bot_manager_telegram_api.test_bot_manager_telegram_api_comprehensive.TestTelegramBotService" name="test_handle_registered_command" time="0.017" /><testcase classname="tests.features.bot_manager_telegram_api.test_bot_manager_telegram_api_comprehensive.TestTelegramBotService" name="test_send_response" time="0.016" /><testcase classname="tests.features.bot_manager_telegram_api.test_bot_manager_telegram_api_comprehensive.TestTelegramBotService" name="test_send_error_response" time="0.016" /><testcase classname="tests.features.bot_manager_telegram_api.test_bot_manager_telegram_api_comprehensive.TestAgenticMessageRouter" name="test_initialization" time="0.001" /><testcase classname="tests.features.bot_manager_telegram_api.test_bot_manager_telegram_api_comprehensive.TestAgenticMessageRouter" name="test_set_chat_ids" time="0.001" /><testcase classname="tests.features.bot_manager_telegram_api.test_bot_manager_telegram_api_comprehensive.TestAgenticMessageRouter" name="test_route_message" time="0.003"><failure message="assert AgentResponse(message='❌ System error. Please try again.', success=False, error=&quot;object str can't be used in 'await' expression&quot;, needs_contact_button=False) == &lt;Mock name='_process_with_crewai_system()' id='5166012304'&gt;">tests/features/bot_manager_telegram_api/test_bot_manager_telegram_api_comprehensive.py:433: in test_route_message
    assert result == mock_response
E   assert AgentResponse(message='❌ System error. Please try again.', success=False, error="object str can't be used in 'await' expression", needs_contact_button=False) == &lt;Mock name='_process_with_crewai_system()' id='5166012304'&gt;</failure></testcase></testsuite></testsuites>